\BOOKMARK [-1][-]{part.1}{I Hands-On Activities}{}% 1
\BOOKMARK [0][-]{chapter.1}{Physics Activities for Form I}{part.1}% 2
\BOOKMARK [1][-]{section.1.1}{Measurement and Density/Relative Density}{chapter.1}% 3
\BOOKMARK [2][-]{subsection.1.1.1}{Construction of a Metre Rule}{section.1.1}% 4
\BOOKMARK [2][-]{subsection.1.1.2}{Construction of a Measuring Cylinder}{section.1.1}% 5
\BOOKMARK [2][-]{subsection.1.1.3}{Construction of Beam Balance}{section.1.1}% 6
\BOOKMARK [2][-]{subsection.1.1.4}{Making a Spring and a Spring Balance}{section.1.1}% 7
\BOOKMARK [2][-]{subsection.1.1.5}{Applications of Material Densities}{section.1.1}% 8
\BOOKMARK [2][-]{subsection.1.1.6}{Relative Density of a Liquid}{section.1.1}% 9
\BOOKMARK [2][-]{subsection.1.1.7}{U-Tube apparatus}{section.1.1}% 10
\BOOKMARK [2][-]{subsection.1.1.8}{Measurement Errors}{section.1.1}% 11
\BOOKMARK [1][-]{section.1.2}{Forces}{chapter.1}% 12
\BOOKMARK [2][-]{subsection.1.2.1}{Presence of Gravity}{section.1.2}% 13
\BOOKMARK [2][-]{subsection.1.2.2}{Windmills}{section.1.2}% 14
\BOOKMARK [2][-]{subsection.1.2.3}{Helicopters}{section.1.2}% 15
\BOOKMARK [1][-]{section.1.3}{Archimedes' Principle and the Law of Flotation}{chapter.1}% 16
\BOOKMARK [2][-]{subsection.1.3.1}{Construction of Eureka Can}{section.1.3}% 17
\BOOKMARK [2][-]{subsection.1.3.2}{Water Weight and Upthrust}{section.1.3}% 18
\BOOKMARK [2][-]{subsection.1.3.3}{Conditions of Flotation}{section.1.3}% 19
\BOOKMARK [2][-]{subsection.1.3.4}{Construction and Use of a Hydrometer}{section.1.3}% 20
\BOOKMARK [1][-]{section.1.4}{Structure and Properties of Matter}{chapter.1}% 21
\BOOKMARK [2][-]{subsection.1.4.1}{Determining Adhesion and Cohesion}{section.1.4}% 22
\BOOKMARK [2][-]{subsection.1.4.2}{Cohesion in a Moving Liquid}{section.1.4}% 23
\BOOKMARK [2][-]{subsection.1.4.3}{Water drops}{section.1.4}% 24
\BOOKMARK [2][-]{subsection.1.4.4}{Blowing bubbles}{section.1.4}% 25
\BOOKMARK [2][-]{subsection.1.4.5}{Pin Float}{section.1.4}% 26
\BOOKMARK [2][-]{subsection.1.4.6}{Pepper Float}{section.1.4}% 27
\BOOKMARK [2][-]{subsection.1.4.7}{Water Dome}{section.1.4}% 28
\BOOKMARK [2][-]{subsection.1.4.8}{Capillarity}{section.1.4}% 29
\BOOKMARK [2][-]{subsection.1.4.9}{Lemonade}{section.1.4}% 30
\BOOKMARK [2][-]{subsection.1.4.10}{Powder Diffusion}{section.1.4}% 31
\BOOKMARK [2][-]{subsection.1.4.11}{Orange Diffusion, Part A \205 Sweet Smells}{section.1.4}% 32
\BOOKMARK [2][-]{subsection.1.4.12}{Orange Diffusion, Part B \205 Trapped}{section.1.4}% 33
\BOOKMARK [2][-]{subsection.1.4.13}{Osmosis}{section.1.4}% 34
\BOOKMARK [1][-]{section.1.5}{Pressure}{chapter.1}% 35
\BOOKMARK [2][-]{subsection.1.5.1}{Balloon Pop}{section.1.5}% 36
\BOOKMARK [2][-]{subsection.1.5.2}{Potato Poke}{section.1.5}% 37
\BOOKMARK [2][-]{subsection.1.5.3}{The Effect of Surface Area on Pressure}{section.1.5}% 38
\BOOKMARK [2][-]{subsection.1.5.4}{Straw Fountain}{section.1.5}% 39
\BOOKMARK [2][-]{subsection.1.5.5}{Cartesian Diver}{section.1.5}% 40
\BOOKMARK [2][-]{subsection.1.5.6}{Holey Bottle 2}{section.1.5}% 41
\BOOKMARK [2][-]{subsection.1.5.7}{Liquid Pressure and Depth}{section.1.5}% 42
\BOOKMARK [2][-]{subsection.1.5.8}{Hydraulic Press}{section.1.5}% 43
\BOOKMARK [2][-]{subsection.1.5.9}{Atmospheric Pressure}{section.1.5}% 44
\BOOKMARK [2][-]{subsection.1.5.10}{Charles' Law, Part C \205 Bottle Crush}{section.1.5}% 45
\BOOKMARK [2][-]{subsection.1.5.11}{Straw Elevator}{section.1.5}% 46
\BOOKMARK [2][-]{subsection.1.5.12}{Making a Magdeburg Hemisphere}{section.1.5}% 47
\BOOKMARK [2][-]{subsection.1.5.13}{Siphon}{section.1.5}% 48
\BOOKMARK [2][-]{subsection.1.5.14}{Automatic Flushing Tank}{section.1.5}% 49
\BOOKMARK [2][-]{subsection.1.5.15}{Reverse Air Pump}{section.1.5}% 50
\BOOKMARK [1][-]{section.1.6}{Work, Energy and Power}{chapter.1}% 51
\BOOKMARK [2][-]{subsection.1.6.1}{Work as Heat, Part A}{section.1.6}% 52
\BOOKMARK [2][-]{subsection.1.6.2}{Work as Heat, Part B}{section.1.6}% 53
\BOOKMARK [2][-]{subsection.1.6.3}{Work as Light}{section.1.6}% 54
\BOOKMARK [2][-]{subsection.1.6.4}{Potential Energy of a Spring}{section.1.6}% 55
\BOOKMARK [1][-]{section.1.7}{Light}{chapter.1}% 56
\BOOKMARK [2][-]{subsection.1.7.1}{Light in a Straight Line}{section.1.7}% 57
\BOOKMARK [2][-]{subsection.1.7.2}{Pin Hole Camera}{section.1.7}% 58
\BOOKMARK [2][-]{subsection.1.7.3}{Light through a Comb}{section.1.7}% 59
\BOOKMARK [2][-]{subsection.1.7.4}{Laws of Reflection}{section.1.7}% 60
\BOOKMARK [2][-]{subsection.1.7.5}{Kaleidoscope}{section.1.7}% 61
\BOOKMARK [0][-]{chapter.2}{Physics Activities for Form II}{part.1}% 62
\BOOKMARK [1][-]{section.2.1}{Static Electricity}{chapter.2}% 63
\BOOKMARK [2][-]{subsection.2.1.1}{Salt and Pepper Trick}{section.2.1}% 64
\BOOKMARK [2][-]{subsection.2.1.2}{Concept of Static Electricity}{section.2.1}% 65
\BOOKMARK [2][-]{subsection.2.1.3}{Electrostatics}{section.2.1}% 66
\BOOKMARK [2][-]{subsection.2.1.4}{Construction of an Electroscope}{section.2.1}% 67
\BOOKMARK [2][-]{subsection.2.1.5}{Detection of Charges}{section.2.1}% 68
\BOOKMARK [1][-]{section.2.2}{Current Electricity}{chapter.2}% 69
\BOOKMARK [2][-]{subsection.2.2.1}{Conductors and Insulators}{section.2.2}% 70
\BOOKMARK [2][-]{subsection.2.2.2}{Finding Electric Circuit Components}{section.2.2}% 71
\BOOKMARK [2][-]{subsection.2.2.3}{Creating a Light Bulb}{section.2.2}% 72
\BOOKMARK [2][-]{subsection.2.2.4}{Measuring Emf of a Cell}{section.2.2}% 73
\BOOKMARK [1][-]{section.2.3}{Magnetism}{chapter.2}% 74
\BOOKMARK [2][-]{subsection.2.3.1}{Magnetic and Non-magnetic Materials}{section.2.3}% 75
\BOOKMARK [2][-]{subsection.2.3.2}{Suspended Magnet Compass}{section.2.3}% 76
\BOOKMARK [2][-]{subsection.2.3.3}{Magnetizing a Nail}{section.2.3}% 77
\BOOKMARK [2][-]{subsection.2.3.4}{Magnetic Fields}{section.2.3}% 78
\BOOKMARK [2][-]{subsection.2.3.5}{Creating a Simple Compass}{section.2.3}% 79
\BOOKMARK [2][-]{subsection.2.3.6}{Magnetic Dip Gauge}{section.2.3}% 80
\BOOKMARK [1][-]{section.2.4}{Forces in Equilibrium}{chapter.2}% 81
\BOOKMARK [2][-]{subsection.2.4.1}{Door Tug-o-War}{section.2.4}% 82
\BOOKMARK [2][-]{subsection.2.4.2}{Verification of the Principle of Moments}{section.2.4}% 83
\BOOKMARK [2][-]{subsection.2.4.3}{Centre of Gravity}{section.2.4}% 84
\BOOKMARK [1][-]{section.2.5}{Simple Machines}{chapter.2}% 85
\BOOKMARK [2][-]{subsection.2.5.1}{Pulley}{section.2.5}% 86
\BOOKMARK [2][-]{subsection.2.5.2}{Pulleys and Inclined Planes}{section.2.5}% 87
\BOOKMARK [2][-]{subsection.2.5.3}{Bottle Cap Gearworks}{section.2.5}% 88
\BOOKMARK [1][-]{section.2.6}{Motion in a Straight Line}{chapter.2}% 89
\BOOKMARK [2][-]{subsection.2.6.1}{Object Toss}{section.2.6}% 90
\BOOKMARK [2][-]{subsection.2.6.2}{Simple Oscillator}{section.2.6}% 91
\BOOKMARK [1][-]{section.2.7}{Newton's Laws of Motion}{chapter.2}% 92
\BOOKMARK [2][-]{subsection.2.7.1}{Verification of Newton's First Law of Motion}{section.2.7}% 93
\BOOKMARK [2][-]{subsection.2.7.2}{Inertia and Newton's First Law of Motion}{section.2.7}% 94
\BOOKMARK [2][-]{subsection.2.7.3}{Tin Can Piñata}{section.2.7}% 95
\BOOKMARK [2][-]{subsection.2.7.4}{Conservation of Linear Momentum}{section.2.7}% 96
\BOOKMARK [2][-]{subsection.2.7.5}{Balloon Rocket}{section.2.7}% 97
\BOOKMARK [2][-]{subsection.2.7.6}{Bottle Rocket}{section.2.7}% 98
\BOOKMARK [2][-]{subsection.2.7.7}{Matchstick Rocket}{section.2.7}% 99
\BOOKMARK [0][-]{chapter.3}{Physics Activities for Form III}{part.1}% 100
\BOOKMARK [1][-]{section.3.1}{Friction}{chapter.3}% 101
\BOOKMARK [2][-]{subsection.3.1.1}{Concept of Friction}{section.3.1}% 102
\BOOKMARK [2][-]{subsection.3.1.2}{Limiting Friction and the Coefficient of Static Friction}{section.3.1}% 103
\BOOKMARK [1][-]{section.3.2}{Light}{chapter.3}% 104
\BOOKMARK [2][-]{subsection.3.2.1}{Refraction of Light in Glass}{section.3.2}% 105
\BOOKMARK [2][-]{subsection.3.2.2}{Measuring Refractive Index of Glass}{section.3.2}% 106
\BOOKMARK [2][-]{subsection.3.2.3}{Total Internal Reflection in Water}{section.3.2}% 107
\BOOKMARK [2][-]{subsection.3.2.4}{Focusing an Image through a Convex Lens}{section.3.2}% 108
\BOOKMARK [2][-]{subsection.3.2.5}{Refraction of Light Through Water}{section.3.2}% 109
\BOOKMARK [2][-]{subsection.3.2.6}{Newton Colour Wheel}{section.3.2}% 110
\BOOKMARK [2][-]{subsection.3.2.7}{Dispersion of White Light: Part 1}{section.3.2}% 111
\BOOKMARK [2][-]{subsection.3.2.8}{Thin Film Interference}{section.3.2}% 112
\BOOKMARK [2][-]{subsection.3.2.9}{Water Prism}{section.3.2}% 113
\BOOKMARK [1][-]{section.3.3}{Thermal Expansion}{chapter.3}% 114
\BOOKMARK [2][-]{subsection.3.3.1}{Expansion of Solids: Screw and Loop}{section.3.3}% 115
\BOOKMARK [2][-]{subsection.3.3.2}{Thermal Expansion of Solids - Breaking Glass}{section.3.3}% 116
\BOOKMARK [2][-]{subsection.3.3.3}{Bimetallic Strip}{section.3.3}% 117
\BOOKMARK [2][-]{subsection.3.3.4}{Thermal Switch}{section.3.3}% 118
\BOOKMARK [2][-]{subsection.3.3.5}{Thermal Expansion of Liquids}{section.3.3}% 119
\BOOKMARK [2][-]{subsection.3.3.6}{Thermal Expansion of Gases}{section.3.3}% 120
\BOOKMARK [2][-]{subsection.3.3.7}{Charles' Law, Part A \205 Coin Cap}{section.3.3}% 121
\BOOKMARK [2][-]{subsection.3.3.8}{Charles' Law, Part B \205 Spray Time}{section.3.3}% 122
\BOOKMARK [2][-]{subsection.3.3.9}{Egg Suck}{section.3.3}% 123
\BOOKMARK [2][-]{subsection.3.3.10}{Charles's Law}{section.3.3}% 124
\BOOKMARK [2][-]{subsection.3.3.11}{Boyle's Law}{section.3.3}% 125
\BOOKMARK [2][-]{subsection.3.3.12}{Boyle's Law, Part A \205 Syringe}{section.3.3}% 126
\BOOKMARK [2][-]{subsection.3.3.13}{Boyle's Law, Part B \205 Cartesian Diver}{section.3.3}% 127
\BOOKMARK [2][-]{subsection.3.3.14}{Boyle's Law, Part C \205 Filling a Balloon}{section.3.3}% 128
\BOOKMARK [2][-]{subsection.3.3.15}{Boyle's Law, Part D \205 Sucking a Balloon}{section.3.3}% 129
\BOOKMARK [1][-]{section.3.4}{Transfer of Thermal Energy}{chapter.3}% 130
\BOOKMARK [2][-]{subsection.3.4.1}{Heat Conduction}{section.3.4}% 131
\BOOKMARK [2][-]{subsection.3.4.2}{Hot Water Hold}{section.3.4}% 132
\BOOKMARK [2][-]{subsection.3.4.3}{Copper Coil Candle Snuffer}{section.3.4}% 133
\BOOKMARK [2][-]{subsection.3.4.4}{Convection}{section.3.4}% 134
\BOOKMARK [2][-]{subsection.3.4.5}{Thermal Windmills}{section.3.4}% 135
\BOOKMARK [2][-]{subsection.3.4.6}{Radiation}{section.3.4}% 136
\BOOKMARK [1][-]{section.3.5}{Measurement of Thermal Energy}{chapter.3}% 137
\BOOKMARK [2][-]{subsection.3.5.1}{Specific Heats}{section.3.5}% 138
\BOOKMARK [2][-]{subsection.3.5.2}{Designing a Calorimeter}{section.3.5}% 139
\BOOKMARK [2][-]{subsection.3.5.3}{Boiling Water at Room Temperature}{section.3.5}% 140
\BOOKMARK [2][-]{subsection.3.5.4}{Latent Heat of Fusion}{section.3.5}% 141
\BOOKMARK [1][-]{section.3.6}{Vapour and Humidity}{chapter.3}% 142
\BOOKMARK [2][-]{subsection.3.6.1}{Measuring Humidity with a Hygrometer}{section.3.6}% 143
\BOOKMARK [1][-]{section.3.7}{Current Electricity}{chapter.3}% 144
\BOOKMARK [2][-]{subsection.3.7.1}{Circuit Board}{section.3.7}% 145
\BOOKMARK [2][-]{subsection.3.7.2}{Breadboards}{section.3.7}% 146
\BOOKMARK [2][-]{subsection.3.7.3}{Construction of a Metre bridge and Potentiometer}{section.3.7}% 147
\BOOKMARK [2][-]{subsection.3.7.4}{Making an Electric Heater}{section.3.7}% 148
\BOOKMARK [2][-]{subsection.3.7.5}{Fuse}{section.3.7}% 149
\BOOKMARK [2][-]{subsection.3.7.6}{Creating a Leclanche Cell.}{section.3.7}% 150
\BOOKMARK [0][-]{chapter.4}{Physics Activities for Form IV}{part.1}% 151
\BOOKMARK [1][-]{section.4.1}{Waves}{chapter.4}% 152
\BOOKMARK [2][-]{subsection.4.1.1}{Construction and Use of Slinky Spring}{section.4.1}% 153
\BOOKMARK [2][-]{subsection.4.1.2}{Speed of Sound in Air}{section.4.1}% 154
\BOOKMARK [2][-]{subsection.4.1.3}{Bottle Sine Graph}{section.4.1}% 155
\BOOKMARK [2][-]{subsection.4.1.4}{Construction of a Ripple Tank}{section.4.1}% 156
\BOOKMARK [2][-]{subsection.4.1.5}{Behaviour of Waves}{section.4.1}% 157
\BOOKMARK [2][-]{subsection.4.1.6}{Sound in a Medium}{section.4.1}% 158
\BOOKMARK [2][-]{subsection.4.1.7}{Wave Propagation in Solids}{section.4.1}% 159
\BOOKMARK [2][-]{subsection.4.1.8}{Sound Amplifier}{section.4.1}% 160
\BOOKMARK [2][-]{subsection.4.1.9}{Musical Rubber Strip}{section.4.1}% 161
\BOOKMARK [2][-]{subsection.4.1.10}{Musical Soda Bottle}{section.4.1}% 162
\BOOKMARK [2][-]{subsection.4.1.11}{Doppler Whirl}{section.4.1}% 163
\BOOKMARK [2][-]{subsection.4.1.12}{Barton’s Pendulums}{section.4.1}% 164
\BOOKMARK [2][-]{subsection.4.1.13}{Transverse Waves on a String}{section.4.1}% 165
\BOOKMARK [2][-]{subsection.4.1.14}{Construction and Use of a Simple Sonometer}{section.4.1}% 166
\BOOKMARK [2][-]{subsection.4.1.15}{Determination of Resonance Frequency}{section.4.1}% 167
\BOOKMARK [1][-]{section.4.2}{Electromagnetism}{chapter.4}% 168
\BOOKMARK [2][-]{subsection.4.2.1}{Spinning Compass}{section.4.2}% 169
\BOOKMARK [2][-]{subsection.4.2.2}{Construction of Galvanometer}{section.4.2}% 170
\BOOKMARK [2][-]{subsection.4.2.3}{Force on a Current-Carrying Wire in a Magnetic Field}{section.4.2}% 171
\BOOKMARK [2][-]{subsection.4.2.4}{Mapping Induced Magnetic Field from a Coil}{section.4.2}% 172
\BOOKMARK [2][-]{subsection.4.2.5}{Mapping Induced Magnetic Field from Wire}{section.4.2}% 173
\BOOKMARK [2][-]{subsection.4.2.6}{Creating a Current in a Wire}{section.4.2}% 174
\BOOKMARK [2][-]{subsection.4.2.7}{Simple Motor}{section.4.2}% 175
\BOOKMARK [2][-]{subsection.4.2.8}{Inverter: Converting DC to AC}{section.4.2}% 176
\BOOKMARK [2][-]{subsection.4.2.9}{Water Energy}{section.4.2}% 177
\BOOKMARK [2][-]{subsection.4.2.10}{Wind Energy}{section.4.2}% 178
\BOOKMARK [1][-]{section.4.3}{Electronics}{chapter.4}% 179
\BOOKMARK [2][-]{subsection.4.3.1}{Forward and Reverse Biased Diodes}{section.4.3}% 180
\BOOKMARK [2][-]{subsection.4.3.2}{Full-Wave Rectifier}{section.4.3}% 181
\BOOKMARK [2][-]{subsection.4.3.3}{Half-Wave Rectifier}{section.4.3}% 182
\BOOKMARK [1][-]{section.4.4}{Elementary Astronomy}{chapter.4}% 183
\BOOKMARK [2][-]{subsection.4.4.1}{Solar System Mobile}{section.4.4}% 184
\BOOKMARK [2][-]{subsection.4.4.2}{Star Gazing}{section.4.4}% 185
\BOOKMARK [-1][-]{part.2}{II Student Practical Worksheets}{}% 186
\BOOKMARK [-1][-]{part*.2}{Mechanics}{}% 187
\BOOKMARK [0][-]{chapter*.3}{Archimedes' Principle}{part*.2}% 188
\BOOKMARK [1][-]{section*.4}{Aim}{chapter*.3}% 189
\BOOKMARK [1][-]{section*.4}{Background Information}{chapter*.3}% 190
\BOOKMARK [1][-]{section*.4}{Materials}{chapter*.3}% 191
\BOOKMARK [1][-]{section*.4}{Procedure}{chapter*.3}% 192
\BOOKMARK [1][-]{figure.4.14}{Analysis and Interpretation}{chapter*.3}% 193
\BOOKMARK [1][-]{Item.986}{Conclusion}{chapter*.3}% 194
\BOOKMARK [1][-]{Item.986}{Questions for Discussion}{chapter*.3}% 195
\BOOKMARK [1][-]{Item.989}{Reflection and Self Assessment}{chapter*.3}% 196
\BOOKMARK [0][-]{chapter*.5}{Law of Flotation}{part*.2}% 197
\BOOKMARK [1][-]{section*.6}{Aim}{chapter*.5}% 198
\BOOKMARK [1][-]{section*.6}{Background Information}{chapter*.5}% 199
\BOOKMARK [1][-]{section*.6}{Materials}{chapter*.5}% 200
\BOOKMARK [1][-]{section*.6}{Procedure}{chapter*.5}% 201
\BOOKMARK [1][-]{figure.4.15}{Safety Measure}{chapter*.5}% 202
\BOOKMARK [1][-]{figure.4.15}{Analysis and Interpretation}{chapter*.5}% 203
\BOOKMARK [1][-]{Item.1005}{Conclusion}{chapter*.5}% 204
\BOOKMARK [1][-]{Item.1005}{Questions for Discussion}{chapter*.5}% 205
\BOOKMARK [1][-]{Item.1008}{Reflection and Self Assessment}{chapter*.5}% 206
\BOOKMARK [0][-]{chapter*.7}{Elasticity}{part*.2}% 207
\BOOKMARK [1][-]{section*.8}{Aim}{chapter*.7}% 208
\BOOKMARK [1][-]{section*.8}{Background Information}{chapter*.7}% 209
\BOOKMARK [1][-]{section*.8}{Materials}{chapter*.7}% 210
\BOOKMARK [1][-]{section*.8}{Procedure}{chapter*.7}% 211
\BOOKMARK [1][-]{figure.4.16}{Analysis and Interpretation}{chapter*.7}% 212
\BOOKMARK [1][-]{Item.1022}{Conclusion}{chapter*.7}% 213
\BOOKMARK [1][-]{Item.1022}{Questions for Discussion}{chapter*.7}% 214
\BOOKMARK [1][-]{Item.1026}{Reflection and Self Assessment}{chapter*.7}% 215
\BOOKMARK [0][-]{chapter*.9}{Pressure within a Liquid}{part*.2}% 216
\BOOKMARK [1][-]{section*.10}{Aim}{chapter*.9}% 217
\BOOKMARK [1][-]{section*.10}{Background Information}{chapter*.9}% 218
\BOOKMARK [1][-]{section*.10}{Materials}{chapter*.9}% 219
\BOOKMARK [1][-]{section*.10}{Procedure}{chapter*.9}% 220
\BOOKMARK [1][-]{figure.4.17}{Analysis and Interpretation}{chapter*.9}% 221
\BOOKMARK [1][-]{Item.1035}{Conclusion}{chapter*.9}% 222
\BOOKMARK [1][-]{Item.1035}{Questions for Discussion}{chapter*.9}% 223
\BOOKMARK [1][-]{Item.1039}{Reflection and Self Assessment}{chapter*.9}% 224
\BOOKMARK [0][-]{chapter*.11}{Linear Acceleration}{part*.2}% 225
\BOOKMARK [1][-]{section*.12}{Aim}{chapter*.11}% 226
\BOOKMARK [1][-]{section*.12}{Background Information}{chapter*.11}% 227
\BOOKMARK [1][-]{section*.12}{Materials}{chapter*.11}% 228
\BOOKMARK [1][-]{section*.12}{Procedure}{chapter*.11}% 229
\BOOKMARK [1][-]{figure.4.19}{Analysis and Interpretation}{chapter*.11}% 230
\BOOKMARK [1][-]{Item.1057}{Conclusion}{chapter*.11}% 231
\BOOKMARK [1][-]{Item.1057}{Questions for Discussion}{chapter*.11}% 232
\BOOKMARK [1][-]{Item.1061}{Reflection and Self Assessment}{chapter*.11}% 233
\BOOKMARK [0][-]{chapter*.13}{Simple Pendulum}{part*.2}% 234
\BOOKMARK [1][-]{section*.14}{Aim}{chapter*.13}% 235
\BOOKMARK [1][-]{section*.14}{Background Information}{chapter*.13}% 236
\BOOKMARK [1][-]{section*.14}{Materials}{chapter*.13}% 237
\BOOKMARK [1][-]{section*.14}{Procedure}{chapter*.13}% 238
\BOOKMARK [1][-]{figure.4.20}{Analysis and Interpretation}{chapter*.13}% 239
\BOOKMARK [1][-]{Item.1070}{Conclusion}{chapter*.13}% 240
\BOOKMARK [1][-]{Item.1070}{Questions for Discussion}{chapter*.13}% 241
\BOOKMARK [1][-]{Item.1074}{Reflection and Self Assessment}{chapter*.13}% 242
\BOOKMARK [0][-]{chapter*.15}{Coefficient of Friction}{part*.2}% 243
\BOOKMARK [1][-]{section*.16}{Aim}{chapter*.15}% 244
\BOOKMARK [1][-]{section*.16}{Background Information}{chapter*.15}% 245
\BOOKMARK [1][-]{section*.16}{Materials}{chapter*.15}% 246
\BOOKMARK [1][-]{section*.16}{Procedure}{chapter*.15}% 247
\BOOKMARK [1][-]{figure.4.21}{Analysis and Interpretation}{chapter*.15}% 248
\BOOKMARK [1][-]{Item.1086}{Conclusion}{chapter*.15}% 249
\BOOKMARK [1][-]{Item.1086}{Questions for Discussion}{chapter*.15}% 250
\BOOKMARK [1][-]{Item.1089}{Reflection and Self Assessment}{chapter*.15}% 251
\BOOKMARK [-1][-]{part*.17}{Light}{}% 252
\BOOKMARK [0][-]{chapter*.18}{Law of Reflection}{part*.17}% 253
\BOOKMARK [1][-]{section*.19}{Aim}{chapter*.18}% 254
\BOOKMARK [1][-]{section*.19}{Background Information}{chapter*.18}% 255
\BOOKMARK [1][-]{section*.19}{Materials}{chapter*.18}% 256
\BOOKMARK [1][-]{section*.19}{Procedure}{chapter*.18}% 257
\BOOKMARK [1][-]{figure.4.22}{Analysis and Interpretation}{chapter*.18}% 258
\BOOKMARK [1][-]{Item.1105}{Conclusion}{chapter*.18}% 259
\BOOKMARK [1][-]{Item.1107}{Questions for Discussion}{chapter*.18}% 260
\BOOKMARK [1][-]{Item.1112}{Reflection and Self Assessment}{chapter*.18}% 261
\BOOKMARK [0][-]{chapter*.20}{Plane Mirror Image Characteristics}{part*.17}% 262
\BOOKMARK [1][-]{section*.21}{Aim}{chapter*.20}% 263
\BOOKMARK [1][-]{section*.21}{Background Information}{chapter*.20}% 264
\BOOKMARK [1][-]{section*.21}{Materials}{chapter*.20}% 265
\BOOKMARK [1][-]{section*.21}{Procedure}{chapter*.20}% 266
\BOOKMARK [1][-]{figure.4.23}{Analysis and Interpretation}{chapter*.20}% 267
\BOOKMARK [1][-]{Item.1131}{Conclusion}{chapter*.20}% 268
\BOOKMARK [1][-]{Item.1131}{Questions for Discussion}{chapter*.20}% 269
\BOOKMARK [1][-]{Item.1133}{Reflection and Self Assessment}{chapter*.20}% 270
\BOOKMARK [0][-]{chapter*.22}{Refractive Index}{part*.17}% 271
\BOOKMARK [1][-]{section*.23}{Aim}{chapter*.22}% 272
\BOOKMARK [1][-]{section*.23}{Background Information}{chapter*.22}% 273
\BOOKMARK [1][-]{section*.23}{Materials}{chapter*.22}% 274
\BOOKMARK [1][-]{section*.23}{Procedure}{chapter*.22}% 275
\BOOKMARK [1][-]{figure.4.24}{Analysis and Interpretation}{chapter*.22}% 276
\BOOKMARK [1][-]{Item.1151}{Conclusion}{chapter*.22}% 277
\BOOKMARK [1][-]{Item.1151}{Questions for Discussion}{chapter*.22}% 278
\BOOKMARK [1][-]{Item.1153}{Reflection and Self Assessment}{chapter*.22}% 279
\BOOKMARK [0][-]{chapter*.24}{Critical Angle}{part*.17}% 280
\BOOKMARK [1][-]{section*.25}{Aim}{chapter*.24}% 281
\BOOKMARK [1][-]{section*.25}{Background Information}{chapter*.24}% 282
\BOOKMARK [1][-]{section*.25}{Materials}{chapter*.24}% 283
\BOOKMARK [1][-]{section*.25}{Procedure}{chapter*.24}% 284
\BOOKMARK [1][-]{figure.4.25}{Analysis and Interpretation}{chapter*.24}% 285
\BOOKMARK [1][-]{Item.1172}{Conclusion}{chapter*.24}% 286
\BOOKMARK [1][-]{Item.1172}{Questions for Discussion}{chapter*.24}% 287
\BOOKMARK [1][-]{Item.1176}{Reflection and Self Assessment}{chapter*.24}% 288
\BOOKMARK [0][-]{chapter*.26}{Minimum Deviation Angle}{part*.17}% 289
\BOOKMARK [1][-]{section*.27}{Aim}{chapter*.26}% 290
\BOOKMARK [1][-]{section*.27}{Background Information}{chapter*.26}% 291
\BOOKMARK [1][-]{section*.27}{Materials}{chapter*.26}% 292
\BOOKMARK [1][-]{section*.27}{Procedure}{chapter*.26}% 293
\BOOKMARK [1][-]{figure.4.26}{Safety Measure}{chapter*.26}% 294
\BOOKMARK [1][-]{figure.4.26}{Analysis and Interpretation}{chapter*.26}% 295
\BOOKMARK [1][-]{Item.1192}{Conclusion}{chapter*.26}% 296
\BOOKMARK [1][-]{Item.1192}{Questions for Discussion}{chapter*.26}% 297
\BOOKMARK [1][-]{Item.1194}{Reflection and Self Assessment}{chapter*.26}% 298
\BOOKMARK [0][-]{chapter*.28}{Focal Length}{part*.17}% 299
\BOOKMARK [1][-]{section*.29}{Aim}{chapter*.28}% 300
\BOOKMARK [1][-]{section*.29}{Background Information}{chapter*.28}% 301
\BOOKMARK [1][-]{section*.29}{Materials}{chapter*.28}% 302
\BOOKMARK [1][-]{section*.29}{Procedure}{chapter*.28}% 303
\BOOKMARK [1][-]{figure.4.27}{Analysis and Interpretation}{chapter*.28}% 304
\BOOKMARK [1][-]{Item.1211}{Conclusion}{chapter*.28}% 305
\BOOKMARK [1][-]{Item.1211}{Questions for Discussion}{chapter*.28}% 306
\BOOKMARK [1][-]{Item.1213}{Reflection and Self Assessment}{chapter*.28}% 307
\BOOKMARK [0][-]{chapter*.30}{Convex Lens Image Characteristics}{part*.17}% 308
\BOOKMARK [1][-]{section*.31}{Aim}{chapter*.30}% 309
\BOOKMARK [1][-]{section*.31}{Background Information}{chapter*.30}% 310
\BOOKMARK [1][-]{section*.31}{Materials}{chapter*.30}% 311
\BOOKMARK [1][-]{section*.31}{Procedure}{chapter*.30}% 312
\BOOKMARK [1][-]{figure.4.28}{Safety Measures}{chapter*.30}% 313
\BOOKMARK [1][-]{figure.4.28}{Analysis and Interpretation}{chapter*.30}% 314
\BOOKMARK [1][-]{Item.1226}{Conclusion}{chapter*.30}% 315
\BOOKMARK [1][-]{Item.1226}{Questions for Discussion}{chapter*.30}% 316
\BOOKMARK [1][-]{Item.1229}{Reflection and Self Assessment}{chapter*.30}% 317
\BOOKMARK [-1][-]{part*.32}{Heat}{}% 318
\BOOKMARK [0][-]{chapter*.33}{Charles's Law}{part*.32}% 319
\BOOKMARK [1][-]{section*.34}{Aim}{chapter*.33}% 320
\BOOKMARK [1][-]{section*.34}{Background Information}{chapter*.33}% 321
\BOOKMARK [1][-]{section*.34}{Materials}{chapter*.33}% 322
\BOOKMARK [1][-]{section*.34}{Procedure}{chapter*.33}% 323
\BOOKMARK [1][-]{figure.4.29}{Safety Measure}{chapter*.33}% 324
\BOOKMARK [1][-]{figure.4.29}{Analysis and Interpretation}{chapter*.33}% 325
\BOOKMARK [1][-]{Item.1243}{Conclusion}{chapter*.33}% 326
\BOOKMARK [1][-]{Item.1243}{Questions for Discussion}{chapter*.33}% 327
\BOOKMARK [1][-]{Item.1246}{Reflection and Self Assessment}{chapter*.33}% 328
\BOOKMARK [0][-]{chapter*.35}{Boyle's Law}{part*.32}% 329
\BOOKMARK [1][-]{section*.36}{Aim}{chapter*.35}% 330
\BOOKMARK [1][-]{section*.36}{Background Information}{chapter*.35}% 331
\BOOKMARK [1][-]{section*.36}{Materials}{chapter*.35}% 332
\BOOKMARK [1][-]{section*.36}{Procedure}{chapter*.35}% 333
\BOOKMARK [1][-]{figure.4.30}{Safety Measure}{chapter*.35}% 334
\BOOKMARK [1][-]{figure.4.30}{Analysis and Interpretation}{chapter*.35}% 335
\BOOKMARK [1][-]{Item.1256}{Conclusion}{chapter*.35}% 336
\BOOKMARK [1][-]{Item.1256}{Questions for Discussion}{chapter*.35}% 337
\BOOKMARK [1][-]{Item.1259}{Reflection and Self Assessment}{chapter*.35}% 338
\BOOKMARK [0][-]{chapter*.37}{Pressure Law}{part*.32}% 339
\BOOKMARK [1][-]{section*.38}{Aim}{chapter*.37}% 340
\BOOKMARK [1][-]{section*.38}{Background Information}{chapter*.37}% 341
\BOOKMARK [1][-]{section*.38}{Materials}{chapter*.37}% 342
\BOOKMARK [1][-]{section*.38}{Procedure}{chapter*.37}% 343
\BOOKMARK [1][-]{figure.4.31}{Analysis and Interpretation}{chapter*.37}% 344
\BOOKMARK [1][-]{Item.1278}{Conclusion}{chapter*.37}% 345
\BOOKMARK [1][-]{Item.1278}{Questions for Discussion}{chapter*.37}% 346
\BOOKMARK [1][-]{Item.1282}{Reflection and Self Assessment}{chapter*.37}% 347
\BOOKMARK [0][-]{chapter*.39}{Melting Point of a Substance}{part*.32}% 348
\BOOKMARK [1][-]{section*.40}{Aim}{chapter*.39}% 349
\BOOKMARK [1][-]{section*.40}{Background Information}{chapter*.39}% 350
\BOOKMARK [1][-]{section*.40}{Materials}{chapter*.39}% 351
\BOOKMARK [1][-]{section*.40}{Procedure}{chapter*.39}% 352
\BOOKMARK [1][-]{Item.1293}{Safety Measure}{chapter*.39}% 353
\BOOKMARK [1][-]{Item.1296}{Analysis and Interpretation}{chapter*.39}% 354
\BOOKMARK [1][-]{Item.1299}{Conclusion}{chapter*.39}% 355
\BOOKMARK [1][-]{Item.1299}{Questions for Discussion}{chapter*.39}% 356
\BOOKMARK [1][-]{Item.1303}{Reflection and Self Assessment}{chapter*.39}% 357
\BOOKMARK [0][-]{chapter*.41}{Effects of Impurities on the Boiling Point}{part*.32}% 358
\BOOKMARK [1][-]{section*.42}{Aim}{chapter*.41}% 359
\BOOKMARK [1][-]{section*.42}{Background Information}{chapter*.41}% 360
\BOOKMARK [1][-]{section*.42}{Materials}{chapter*.41}% 361
\BOOKMARK [1][-]{section*.42}{Procedure}{chapter*.41}% 362
\BOOKMARK [1][-]{Item.1310}{Safety Measure}{chapter*.41}% 363
\BOOKMARK [1][-]{Item.1310}{Analysis and Interpretation}{chapter*.41}% 364
\BOOKMARK [1][-]{Item.1313}{Conclusion}{chapter*.41}% 365
\BOOKMARK [1][-]{Item.1313}{Questions for Discussion}{chapter*.41}% 366
\BOOKMARK [1][-]{Item.1316}{Reflection and Self Assessment}{chapter*.41}% 367
\BOOKMARK [0][-]{chapter*.43}{Effects of Impurities on the Freezing Point}{part*.32}% 368
\BOOKMARK [1][-]{section*.44}{Aim}{chapter*.43}% 369
\BOOKMARK [1][-]{section*.44}{Background Information}{chapter*.43}% 370
\BOOKMARK [1][-]{section*.44}{Materials}{chapter*.43}% 371
\BOOKMARK [1][-]{section*.44}{Procedure}{chapter*.43}% 372
\BOOKMARK [1][-]{Item.1323}{Analysis and Interpretation}{chapter*.43}% 373
\BOOKMARK [1][-]{Item.1326}{Conclusion}{chapter*.43}% 374
\BOOKMARK [1][-]{Item.1326}{Questions for Discussion}{chapter*.43}% 375
\BOOKMARK [1][-]{Item.1328}{Reflection and Self Assessment}{chapter*.43}% 376
\BOOKMARK [0][-]{chapter*.45}{Effects of Pressure on the Melting Point}{part*.32}% 377
\BOOKMARK [1][-]{section*.46}{Aim}{chapter*.45}% 378
\BOOKMARK [1][-]{section*.46}{Background Information}{chapter*.45}% 379
\BOOKMARK [1][-]{section*.46}{Materials}{chapter*.45}% 380
\BOOKMARK [1][-]{section*.46}{Procedure}{chapter*.45}% 381
\BOOKMARK [1][-]{Item.1335}{Analysis and Interpretation}{chapter*.45}% 382
\BOOKMARK [1][-]{Item.1339}{Conclusion}{chapter*.45}% 383
\BOOKMARK [1][-]{Item.1339}{Questions for Discussion}{chapter*.45}% 384
\BOOKMARK [1][-]{Item.1342}{Reflection and Self Assessment}{chapter*.45}% 385
\BOOKMARK [0][-]{chapter*.47}{Effects of Pressure on the Boiling Point}{part*.32}% 386
\BOOKMARK [1][-]{section*.48}{Aim}{chapter*.47}% 387
\BOOKMARK [1][-]{section*.48}{Background Information}{chapter*.47}% 388
\BOOKMARK [1][-]{section*.48}{Materials}{chapter*.47}% 389
\BOOKMARK [1][-]{section*.48}{Procedure}{chapter*.47}% 390
\BOOKMARK [1][-]{Item.1354}{Analysis and Interpretation}{chapter*.47}% 391
\BOOKMARK [1][-]{Item.1356}{Conclusion}{chapter*.47}% 392
\BOOKMARK [1][-]{Item.1356}{Questions for Discussion}{chapter*.47}% 393
\BOOKMARK [1][-]{Item.1360}{Reflection and Self Assessment}{chapter*.47}% 394
\BOOKMARK [-1][-]{part*.49}{Electricity}{}% 395
\BOOKMARK [0][-]{chapter*.50}{Internal Resistance of a Cell}{part*.49}% 396
\BOOKMARK [1][-]{section*.51}{Aim}{chapter*.50}% 397
\BOOKMARK [1][-]{section*.51}{Background Information}{chapter*.50}% 398
\BOOKMARK [1][-]{section*.51}{Materials}{chapter*.50}% 399
\BOOKMARK [1][-]{section*.51}{Procedure}{chapter*.50}% 400
\BOOKMARK [1][-]{figure.4.32}{Analysis and Interpretation}{chapter*.50}% 401
\BOOKMARK [1][-]{Item.1371}{Conclusion}{chapter*.50}% 402
\BOOKMARK [1][-]{Item.1371}{Questions for Discussion}{chapter*.50}% 403
\BOOKMARK [1][-]{Item.1375}{Reflection and Self Assessment}{chapter*.50}% 404
\BOOKMARK [0][-]{chapter*.52}{Resistance of a Conductor}{part*.49}% 405
\BOOKMARK [1][-]{section*.53}{Aim}{chapter*.52}% 406
\BOOKMARK [1][-]{section*.53}{Background Information}{chapter*.52}% 407
\BOOKMARK [1][-]{section*.53}{Materials}{chapter*.52}% 408
\BOOKMARK [1][-]{section*.53}{Procedure}{chapter*.52}% 409
\BOOKMARK [1][-]{figure.4.33}{Analysis and Interpretation}{chapter*.52}% 410
\BOOKMARK [1][-]{Item.1385}{Conclusion}{chapter*.52}% 411
\BOOKMARK [1][-]{Item.1385}{Questions for Discussion}{chapter*.52}% 412
\BOOKMARK [1][-]{Item.1388}{Reflection and Self Assessment}{chapter*.52}% 413
\BOOKMARK [0][-]{chapter*.54}{Wheatstone Bridge}{part*.49}% 414
\BOOKMARK [1][-]{section*.55}{Aim}{chapter*.54}% 415
\BOOKMARK [1][-]{section*.55}{Background Information}{chapter*.54}% 416
\BOOKMARK [1][-]{section*.55}{Materials}{chapter*.54}% 417
\BOOKMARK [1][-]{section*.55}{Procedure}{chapter*.54}% 418
\BOOKMARK [1][-]{figure.4.34}{Analysis and Interpretation}{chapter*.54}% 419
\BOOKMARK [1][-]{Item.1398}{Conclusion}{chapter*.54}% 420
\BOOKMARK [1][-]{Item.1398}{Questions for Discussion}{chapter*.54}% 421
\BOOKMARK [1][-]{Item.1404}{Reflection and Self Assessment}{chapter*.54}% 422
\BOOKMARK [0][-]{chapter*.56}{Ohm's Law}{part*.49}% 423
\BOOKMARK [1][-]{section*.57}{Aim}{chapter*.56}% 424
\BOOKMARK [1][-]{section*.57}{Background Information}{chapter*.56}% 425
\BOOKMARK [1][-]{section*.57}{Materials}{chapter*.56}% 426
\BOOKMARK [1][-]{section*.57}{Procedure}{chapter*.56}% 427
\BOOKMARK [1][-]{figure.4.35}{Analysis and Interpretation}{chapter*.56}% 428
\BOOKMARK [1][-]{Item.1415}{Conclusion}{chapter*.56}% 429
\BOOKMARK [1][-]{Item.1415}{Questions for Discussion}{chapter*.56}% 430
\BOOKMARK [1][-]{Item.1418}{Reflection and Self Assessment}{chapter*.56}% 431
\BOOKMARK [0][-]{chapter*.58}{Heating Effect of Electric Current}{part*.49}% 432
\BOOKMARK [1][-]{section*.59}{Aim}{chapter*.58}% 433
\BOOKMARK [1][-]{section*.59}{Background Information}{chapter*.58}% 434
\BOOKMARK [1][-]{section*.59}{Materials}{chapter*.58}% 435
\BOOKMARK [1][-]{section*.59}{Procedure}{chapter*.58}% 436
\BOOKMARK [1][-]{figure.4.36}{Safety Measure}{chapter*.58}% 437
\BOOKMARK [1][-]{figure.4.36}{Analysis and Interpretation}{chapter*.58}% 438
\BOOKMARK [1][-]{Item.1436}{Conclusion}{chapter*.58}% 439
\BOOKMARK [1][-]{Item.1436}{Questions for Discussion}{chapter*.58}% 440
\BOOKMARK [1][-]{Item.1442}{Reflection and Self Assessment}{chapter*.58}% 441
\BOOKMARK [-1][-]{part*.60}{Waves}{}% 442
\BOOKMARK [0][-]{chapter*.61}{Speed of Sound in Air}{part*.60}% 443
\BOOKMARK [1][-]{section*.62}{Aim}{chapter*.61}% 444
\BOOKMARK [1][-]{section*.62}{Background Information}{chapter*.61}% 445
\BOOKMARK [1][-]{section*.62}{Materials}{chapter*.61}% 446
\BOOKMARK [1][-]{section*.62}{Procedure}{chapter*.61}% 447
\BOOKMARK [1][-]{figure.4.37}{Analysis and Interpretation}{chapter*.61}% 448
\BOOKMARK [1][-]{Item.1452}{Conclusion}{chapter*.61}% 449
\BOOKMARK [1][-]{Item.1452}{Questions for Discussion}{chapter*.61}% 450
\BOOKMARK [1][-]{Item.1457}{Reflection and Self Assessment}{chapter*.61}% 451
\BOOKMARK [0][-]{chapter*.63}{Musical Notes}{part*.60}% 452
\BOOKMARK [1][-]{section*.64}{Aim}{chapter*.63}% 453
\BOOKMARK [1][-]{section*.64}{Background Information}{chapter*.63}% 454
\BOOKMARK [1][-]{section*.64}{Materials}{chapter*.63}% 455
\BOOKMARK [1][-]{section*.64}{Procedure}{chapter*.63}% 456
\BOOKMARK [1][-]{figure.4.38}{Analysis and Interpretation}{chapter*.63}% 457
\BOOKMARK [1][-]{Item.1468}{Conclusion}{chapter*.63}% 458
\BOOKMARK [1][-]{Item.1468}{Questions for Discussion}{chapter*.63}% 459
\BOOKMARK [1][-]{Item.1470}{Reflection and Self Assessment}{chapter*.63}% 460
\BOOKMARK [0][-]{appendix.A}{Local Materials List}{part*.60}% 461
\BOOKMARK [1][-]{section.A.1}{Alligator Clips}{appendix.A}% 462
\BOOKMARK [1][-]{section.A.2}{Balance}{appendix.A}% 463
\BOOKMARK [1][-]{section.A.3}{Beakers}{appendix.A}% 464
\BOOKMARK [1][-]{section.A.4}{Bunsen Burner}{appendix.A}% 465
\BOOKMARK [1][-]{section.A.5}{Circuit Components}{appendix.A}% 466
\BOOKMARK [1][-]{section.A.6}{Delivery Tube}{appendix.A}% 467
\BOOKMARK [1][-]{section.A.7}{Drawing Board}{appendix.A}% 468
\BOOKMARK [1][-]{section.A.8}{Droppers}{appendix.A}% 469
\BOOKMARK [1][-]{section.A.9}{Eureka Can}{appendix.A}% 470
\BOOKMARK [1][-]{section.A.10}{Funnel}{appendix.A}% 471
\BOOKMARK [1][-]{section.A.11}{Glass Blocks}{appendix.A}% 472
\BOOKMARK [1][-]{section.A.12}{Heat Source}{appendix.A}% 473
\BOOKMARK [1][-]{section.A.13}{Iron Filings}{appendix.A}% 474
\BOOKMARK [1][-]{section.A.14}{Light Bulbs}{appendix.A}% 475
\BOOKMARK [1][-]{section.A.15}{Masses}{appendix.A}% 476
\BOOKMARK [1][-]{section.A.16}{Measuring Cylinder}{appendix.A}% 477
\BOOKMARK [1][-]{section.A.17}{Metre Rule}{appendix.A}% 478
\BOOKMARK [1][-]{section.A.18}{Nichrome Wire / Resistance Wire}{appendix.A}% 479
\BOOKMARK [1][-]{section.A.19}{Optical Pins}{appendix.A}% 480
\BOOKMARK [1][-]{section.A.20}{Plane Mirror}{appendix.A}% 481
\BOOKMARK [1][-]{section.A.21}{Resistors}{appendix.A}% 482
\BOOKMARK [1][-]{section.A.22}{Retort Stand}{appendix.A}% 483
\BOOKMARK [1][-]{section.A.23}{Scale Pan}{appendix.A}% 484
\BOOKMARK [1][-]{section.A.24}{Spring Balance}{appendix.A}% 485
\BOOKMARK [1][-]{section.A.25}{Springs}{appendix.A}% 486
\BOOKMARK [1][-]{section.A.26}{Stopper}{appendix.A}% 487
\BOOKMARK [1][-]{section.A.27}{Stopwatches}{appendix.A}% 488
\BOOKMARK [1][-]{section.A.28}{Test Tubes}{appendix.A}% 489
\BOOKMARK [1][-]{section.A.29}{Test Tube Holder / Tongs}{appendix.A}% 490
\BOOKMARK [1][-]{section.A.30}{Test Tube Racks}{appendix.A}% 491
\BOOKMARK [1][-]{section.A.31}{Tripod Stands}{appendix.A}% 492
\BOOKMARK [1][-]{section.A.32}{Water Bath}{appendix.A}% 493
\BOOKMARK [1][-]{section.A.33}{Wire}{appendix.A}% 494
\BOOKMARK [2][-]{subsection.A.33.1}{All-purpose wire}{section.A.33}% 495
\BOOKMARK [2][-]{subsection.A.33.2}{Specific gauge wire}{section.A.33}% 496
\BOOKMARK [0][-]{appendix.B}{Shika Express Demonstrations for Physics}{part*.60}% 497
\BOOKMARK [1][-]{section*.65}{Egg Float}{appendix.B}% 498
\BOOKMARK [1][-]{section*.65}{Pressure in a Bottle}{appendix.B}% 499
