\BOOKMARK [-1][-]{part.1}{I Hands-On Activities}{}% 1
\BOOKMARK [-1][-]{part.1}{Appendix}{}% 2
\BOOKMARK [-1][-]{section*.2}{Materials and Equipment}{}% 3
\BOOKMARK [0][-]{appendix.A}{Local Materials List}{section*.2}% 4
\BOOKMARK [1][-]{section.A.1}{Alligator Clips}{appendix.A}% 5
\BOOKMARK [1][-]{section.A.2}{Balance}{appendix.A}% 6
\BOOKMARK [1][-]{section.A.3}{Beakers}{appendix.A}% 7
\BOOKMARK [1][-]{section.A.4}{Bulbs}{appendix.A}% 8
\BOOKMARK [1][-]{section.A.5}{Bunsen Burner}{appendix.A}% 9
\BOOKMARK [1][-]{section.A.6}{Circuit Components}{appendix.A}% 10
\BOOKMARK [1][-]{section.A.7}{Containers}{appendix.A}% 11
\BOOKMARK [1][-]{section.A.8}{Deflagrating Spoon}{appendix.A}% 12
\BOOKMARK [1][-]{section.A.9}{Delivery Tube}{appendix.A}% 13
\BOOKMARK [1][-]{section.A.10}{Drawing Board}{appendix.A}% 14
\BOOKMARK [1][-]{section.A.11}{Droppers}{appendix.A}% 15
\BOOKMARK [1][-]{section.A.12}{Electrodes}{appendix.A}% 16
\BOOKMARK [2][-]{subsection.A.12.1}{Graphite}{section.A.12}% 17
\BOOKMARK [2][-]{subsection.A.12.2}{Zinc}{section.A.12}% 18
\BOOKMARK [2][-]{subsection.A.12.3}{Iron}{section.A.12}% 19
\BOOKMARK [2][-]{subsection.A.12.4}{Copper}{section.A.12}% 20
\BOOKMARK [1][-]{section.A.13}{Eureka Can}{appendix.A}% 21
\BOOKMARK [1][-]{section.A.14}{Filter Paper}{appendix.A}% 22
\BOOKMARK [1][-]{section.A.15}{Flasks}{appendix.A}% 23
\BOOKMARK [1][-]{section.A.16}{Funnel}{appendix.A}% 24
\BOOKMARK [1][-]{section.A.17}{Glass blocks}{appendix.A}% 25
\BOOKMARK [1][-]{section.A.18}{Gloves}{appendix.A}% 26
\BOOKMARK [2][-]{subsection.A.18.1}{Latex gloves}{section.A.18}% 27
\BOOKMARK [2][-]{subsection.A.18.2}{Thick gloves}{section.A.18}% 28
\BOOKMARK [1][-]{section.A.19}{Goggles}{appendix.A}% 29
\BOOKMARK [1][-]{section.A.20}{Heat Source}{appendix.A}% 30
\BOOKMARK [2][-]{subsection.A.20.1}{Heating Solutions}{section.A.20}% 31
\BOOKMARK [2][-]{subsection.A.20.2}{Heating Solids}{section.A.20}% 32
\BOOKMARK [2][-]{subsection.A.20.3}{Flame Tests}{section.A.20}% 33
\BOOKMARK [1][-]{section.A.21}{Iron Filings}{appendix.A}% 34
\BOOKMARK [1][-]{section.A.22}{Masses}{appendix.A}% 35
\BOOKMARK [1][-]{section.A.23}{Measuring Cylinder}{appendix.A}% 36
\BOOKMARK [1][-]{section.A.24}{Metre Rule}{appendix.A}% 37
\BOOKMARK [1][-]{section.A.25}{Microscope}{appendix.A}% 38
\BOOKMARK [1][-]{section.A.26}{Mirrors}{appendix.A}% 39
\BOOKMARK [2][-]{subsection.A.26.1}{Plane Mirrors}{section.A.26}% 40
\BOOKMARK [2][-]{subsection.A.26.2}{Curved Mirrors}{section.A.26}% 41
\BOOKMARK [1][-]{section.A.27}{Nichrome Wire}{appendix.A}% 42
\BOOKMARK [1][-]{section.A.28}{Optical Pins}{appendix.A}% 43
\BOOKMARK [1][-]{section.A.29}{Pipettes}{appendix.A}% 44
\BOOKMARK [1][-]{section.A.30}{Pulleys}{appendix.A}% 45
\BOOKMARK [1][-]{section.A.31}{Resistors}{appendix.A}% 46
\BOOKMARK [1][-]{section.A.32}{Retort Stand}{appendix.A}% 47
\BOOKMARK [1][-]{section.A.33}{Scale Pans}{appendix.A}% 48
\BOOKMARK [1][-]{section.A.34}{Slides and Cover Slips}{appendix.A}% 49
\BOOKMARK [1][-]{section.A.35}{Spring Balance}{appendix.A}% 50
\BOOKMARK [1][-]{section.A.36}{Springs}{appendix.A}% 51
\BOOKMARK [1][-]{section.A.37}{Stoppers}{appendix.A}% 52
\BOOKMARK [1][-]{section.A.38}{Stopwatches}{appendix.A}% 53
\BOOKMARK [1][-]{section.A.39}{Test Tubes}{appendix.A}% 54
\BOOKMARK [2][-]{subsection.A.39.1}{Plastic Test Tubes}{section.A.39}% 55
\BOOKMARK [2][-]{subsection.A.39.2}{For Thermal Decomposition}{section.A.39}% 56
\BOOKMARK [1][-]{section.A.40}{Test Tube Brush}{appendix.A}% 57
\BOOKMARK [1][-]{section.A.41}{Test Tube Holder / Tongs}{appendix.A}% 58
\BOOKMARK [1][-]{section.A.42}{Test Tube Racks}{appendix.A}% 59
\BOOKMARK [1][-]{section.A.43}{Tripod Stands}{appendix.A}% 60
\BOOKMARK [1][-]{section.A.44}{Volumetric ``Glass''ware}{appendix.A}% 61
\BOOKMARK [1][-]{section.A.45}{Wash Bottle}{appendix.A}% 62
\BOOKMARK [1][-]{section.A.46}{Water Bath}{appendix.A}% 63
\BOOKMARK [1][-]{section.A.47}{Weights}{appendix.A}% 64
\BOOKMARK [2][-]{subsection.A.47.1}{Crude Weights}{section.A.47}% 65
\BOOKMARK [2][-]{subsection.A.47.2}{Adding Weight in Known Intervals}{section.A.47}% 66
\BOOKMARK [2][-]{subsection.A.47.3}{Precise Weights}{section.A.47}% 67
\BOOKMARK [1][-]{section.A.48}{Wire}{appendix.A}% 68
\BOOKMARK [2][-]{subsection.A.48.1}{Connecting Wires}{section.A.48}% 69
\BOOKMARK [2][-]{subsection.A.48.2}{Specific Gauge Wire}{section.A.48}% 70
\BOOKMARK [1][-]{section.A.49}{Wire Gauze}{appendix.A}% 71
\BOOKMARK [0][-]{appendix.B}{Low Tech Microscopy}{section*.2}% 72
\BOOKMARK [1][-]{section.B.1}{Water as a lens}{appendix.B}% 73
\BOOKMARK [1][-]{section.B.2}{Perfect circles}{appendix.B}% 74
\BOOKMARK [1][-]{section.B.3}{Slides}{appendix.B}% 75
\BOOKMARK [1][-]{section.B.4}{Backlighting}{appendix.B}% 76
\BOOKMARK [1][-]{section.B.5}{Simple Microscopes and Magnifiers}{appendix.B}% 77
\BOOKMARK [2][-]{subsection.B.5.1}{Clear-Container Magnifiers}{section.B.5}% 78
\BOOKMARK [2][-]{subsection.B.5.2}{Simple Microscope}{section.B.5}% 79
\BOOKMARK [2][-]{subsection.B.5.3}{Simple Compound Microscope}{section.B.5}% 80
\BOOKMARK [2][-]{subsection.B.5.4}{Card Bridge Microscope}{section.B.5}% 81
\BOOKMARK [0][-]{appendix.C}{Storage of Materials}{section*.2}% 82
\BOOKMARK [1][-]{section.C.1}{The Science Box}{appendix.C}% 83
\BOOKMARK [1][-]{section.C.2}{Card and Picture Boxes}{appendix.C}% 84
\BOOKMARK [1][-]{section.C.3}{Matchbox Drawers}{appendix.C}% 85
\BOOKMARK [1][-]{section.C.4}{Dividing Boxes}{appendix.C}% 86
\BOOKMARK [1][-]{section.C.5}{Envelopes and Bags}{appendix.C}% 87
\BOOKMARK [0][-]{appendix.D}{Pastes and Modeling Materials}{section*.2}% 88
\BOOKMARK [1][-]{section.D.1}{Papier M\342ch\351}{appendix.D}% 89
\BOOKMARK [1][-]{section.D.2}{Papier M\342ch\351 Layering}{appendix.D}% 90
\BOOKMARK [1][-]{section.D.3}{Modeling Clay}{appendix.D}% 91
\BOOKMARK [1][-]{section.D.4}{Paste and Sand Cement}{appendix.D}% 92
\BOOKMARK [1][-]{section.D.5}{Flour Paste}{appendix.D}% 93
\BOOKMARK [1][-]{section.D.6}{Casein Glue}{appendix.D}% 94
\BOOKMARK [-1][-]{section*.4}{Interactive Learning}{}% 95
\BOOKMARK [0][-]{appendix.E}{Visual Aids and Displays}{section*.4}% 96
\BOOKMARK [1][-]{section.E.1}{Science Corner}{appendix.E}% 97
\BOOKMARK [1][-]{section.E.2}{Cardboard Box Displays}{appendix.E}% 98
\BOOKMARK [2][-]{subsection.E.2.1}{Zigzag Multiboards}{section.E.2}% 99
\BOOKMARK [2][-]{subsection.E.2.2}{Portability}{section.E.2}% 100
\BOOKMARK [1][-]{section.E.3}{Hanging Displays}{appendix.E}% 101
\BOOKMARK [2][-]{subsection.E.3.1}{Display Beams and Hooks}{section.E.3}% 102
\BOOKMARK [2][-]{subsection.E.3.2}{Display Charts}{section.E.3}% 103
\BOOKMARK [2][-]{subsection.E.3.3}{String Display Lines}{section.E.3}% 104
\BOOKMARK [2][-]{subsection.E.3.4}{Carrier Bag Display}{section.E.3}% 105
\BOOKMARK [1][-]{section.E.4}{Transparent Flip-Sheets}{appendix.E}% 106
\BOOKMARK [1][-]{section.E.5}{Clothing Posters}{appendix.E}% 107
\BOOKMARK [1][-]{section.E.6}{Magnet Boards}{appendix.E}% 108
\BOOKMARK [0][-]{appendix.F}{Science Outside the Classroom}{section*.4}% 109
\BOOKMARK [1][-]{section.F.1}{Science Clubs}{appendix.F}% 110
\BOOKMARK [2][-]{subsection.F.1.1}{Organizing a Club}{section.F.1}% 111
\BOOKMARK [2][-]{subsection.F.1.2}{Activities Record Book}{section.F.1}% 112
\BOOKMARK [2][-]{subsection.F.1.3}{Science Notice Board}{section.F.1}% 113
\BOOKMARK [2][-]{subsection.F.1.4}{Science in the News Book}{section.F.1}% 114
\BOOKMARK [2][-]{subsection.F.1.5}{Personal Science Kits}{section.F.1}% 115
\BOOKMARK [2][-]{subsection.F.1.6}{Collections and Research}{section.F.1}% 116
\BOOKMARK [2][-]{subsection.F.1.7}{Additional Practicals}{section.F.1}% 117
\BOOKMARK [1][-]{section.F.2}{Science Fairs}{appendix.F}% 118
\BOOKMARK [1][-]{section.F.3}{Science Competitions}{appendix.F}% 119
\BOOKMARK [1][-]{section.F.4}{Science Conferences \040and Camps}{appendix.F}% 120
\BOOKMARK [1][-]{section.F.5}{Field Trips}{appendix.F}% 121
\BOOKMARK [0][-]{appendix.G}{Science in the Community}{section*.4}% 122
\BOOKMARK [1][-]{section.G.1}{Science for All}{appendix.G}% 123
\BOOKMARK [1][-]{section.G.2}{Science Target Groups}{appendix.G}% 124
\BOOKMARK [1][-]{section.G.3}{Environmental \040Awareness}{appendix.G}% 125
\BOOKMARK [1][-]{section.G.4}{Wildlife Conservation}{appendix.G}% 126
\BOOKMARK [1][-]{section.G.5}{Science and Health}{appendix.G}% 127
